<?xml version="1.0" encoding="UTF-8"?>
<!-- Generated by org.testng.reporters.JUnitReportReporter -->
<testsuite hostname="Balaji-Venkat9" failures="0" tests="4" name="Com.Ibm.Money.TestScrript.TestScript" time="0.213" errors="0" timestamp="2021-05-05T11:58:53 IST" skipped="0">
  <testcase classname="Com.Ibm.Money.TestScrript.TestScript" name="verifyEmail" time="0.093"/>
  <system-out/>
  <testcase classname="Com.Ibm.Money.TestScrript.TestScript" name="VerifyPassword" time="0.101"/>
  <system-out/>
  <testcase classname="Com.Ibm.Money.TestScrript.TestScript" name="VerifyUrl" time="0.010"/>
  <system-out/>
  <testcase classname="Com.Ibm.Money.TestScrript.TestScript" name="VerifyTitle" time="0.009"/>
  <system-out/>
</testsuite> <!-- Com.Ibm.Money.TestScrript.TestScript -->
